Connecting to database specified by database.yml
Connecting to database specified by database.yml
Connecting to database specified by database.yml
Connecting to database specified by database.yml
Connecting to database specified by database.yml
Connecting to database specified by database.yml
Connecting to database specified by database.yml
Connecting to database specified by database.yml
Connecting to database specified by database.yml
Connecting to database specified by database.yml
Connecting to database specified by database.yml
Connecting to database specified by database.yml
Connecting to database specified by database.yml
Connecting to database specified by database.yml
Connecting to database specified by database.yml
Connecting to database specified by database.yml
Connecting to database specified by database.yml
Connecting to database specified by database.yml
Connecting to database specified by database.yml
Connecting to database specified by database.yml


Started GET "/" for 127.0.0.1 at 2014-03-06 14:40:43 -0600
Processing by WelcomeController#index as HTML
PG::UndefinedTable: ERROR:  relation "posts" does not exist
LINE 4:              WHERE a.attrelid = '"posts"'::regclass
                                        ^
:             SELECT a.attname, format_type(a.atttypid, a.atttypmod), d.adsrc, a.attnotnull
              FROM pg_attribute a LEFT JOIN pg_attrdef d
                ON a.attrelid = d.adrelid AND a.attnum = d.adnum
             WHERE a.attrelid = '"posts"'::regclass
               AND a.attnum > 0 AND NOT a.attisdropped
             ORDER BY a.attnum

Completed 500 Internal Server Error in 99ms

ActiveRecord::StatementInvalid (PG::UndefinedTable: ERROR:  relation "posts" does not exist
LINE 4:              WHERE a.attrelid = '"posts"'::regclass
                                        ^
:             SELECT a.attname, format_type(a.atttypid, a.atttypmod), d.adsrc, a.attnotnull
              FROM pg_attribute a LEFT JOIN pg_attrdef d
                ON a.attrelid = d.adrelid AND a.attnum = d.adnum
             WHERE a.attrelid = '"posts"'::regclass
               AND a.attnum > 0 AND NOT a.attisdropped
             ORDER BY a.attnum
):
  app/controllers/welcome_controller.rb:20:in `index'


  Rendered /Users/dustincfox/.rbenv/versions/2.0.0-p353/lib/ruby/gems/2.0.0/gems/actionpack-3.2.6/lib/action_dispatch/middleware/templates/rescues/_trace.erb (3.2ms)
  Rendered /Users/dustincfox/.rbenv/versions/2.0.0-p353/lib/ruby/gems/2.0.0/gems/actionpack-3.2.6/lib/action_dispatch/middleware/templates/rescues/_request_and_response.erb (0.9ms)
  Rendered /Users/dustincfox/.rbenv/versions/2.0.0-p353/lib/ruby/gems/2.0.0/gems/actionpack-3.2.6/lib/action_dispatch/middleware/templates/rescues/diagnostics.erb within rescues/layout (13.8ms)


Started GET "/welcome" for 127.0.0.1 at 2014-03-06 14:41:30 -0600

ActionController::RoutingError (No route matches [GET] "/welcome"):
  actionpack (3.2.6) lib/action_dispatch/middleware/debug_exceptions.rb:21:in `call'
  actionpack (3.2.6) lib/action_dispatch/middleware/show_exceptions.rb:56:in `call'
  railties (3.2.6) lib/rails/rack/logger.rb:26:in `call_app'
  railties (3.2.6) lib/rails/rack/logger.rb:16:in `call'
  actionpack (3.2.6) lib/action_dispatch/middleware/request_id.rb:22:in `call'
  rack (1.4.5) lib/rack/methodoverride.rb:21:in `call'
  rack (1.4.5) lib/rack/runtime.rb:17:in `call'
  activesupport (3.2.6) lib/active_support/cache/strategy/local_cache.rb:72:in `call'
  rack (1.4.5) lib/rack/lock.rb:15:in `call'
  actionpack (3.2.6) lib/action_dispatch/middleware/static.rb:62:in `call'
  railties (3.2.6) lib/rails/engine.rb:479:in `call'
  railties (3.2.6) lib/rails/application.rb:220:in `call'
  rack (1.4.5) lib/rack/content_length.rb:14:in `call'
  railties (3.2.6) lib/rails/rack/log_tailer.rb:17:in `call'
  thin (1.6.1) lib/thin/connection.rb:82:in `block in pre_process'
  thin (1.6.1) lib/thin/connection.rb:80:in `catch'
  thin (1.6.1) lib/thin/connection.rb:80:in `pre_process'
  thin (1.6.1) lib/thin/connection.rb:55:in `process'
  thin (1.6.1) lib/thin/connection.rb:41:in `receive_data'
  eventmachine (1.0.3) lib/eventmachine.rb:187:in `run_machine'
  eventmachine (1.0.3) lib/eventmachine.rb:187:in `run'
  thin (1.6.1) lib/thin/backends/base.rb:73:in `start'
  thin (1.6.1) lib/thin/server.rb:162:in `start'
  rack (1.4.5) lib/rack/handler/thin.rb:13:in `run'
  rack (1.4.5) lib/rack/server.rb:268:in `start'
  railties (3.2.6) lib/rails/commands/server.rb:70:in `start'
  railties (3.2.6) lib/rails/commands.rb:55:in `block in <top (required)>'
  railties (3.2.6) lib/rails/commands.rb:50:in `tap'
  railties (3.2.6) lib/rails/commands.rb:50:in `<top (required)>'
  script/rails:6:in `require'
  script/rails:6:in `<main>'


  Rendered /Users/dustincfox/.rbenv/versions/2.0.0-p353/lib/ruby/gems/2.0.0/gems/actionpack-3.2.6/lib/action_dispatch/middleware/templates/rescues/routing_error.erb within rescues/layout (1.1ms)


Started GET "/index" for 127.0.0.1 at 2014-03-06 14:41:48 -0600

ActionController::RoutingError (No route matches [GET] "/index"):
  actionpack (3.2.6) lib/action_dispatch/middleware/debug_exceptions.rb:21:in `call'
  actionpack (3.2.6) lib/action_dispatch/middleware/show_exceptions.rb:56:in `call'
  railties (3.2.6) lib/rails/rack/logger.rb:26:in `call_app'
  railties (3.2.6) lib/rails/rack/logger.rb:16:in `call'
  actionpack (3.2.6) lib/action_dispatch/middleware/request_id.rb:22:in `call'
  rack (1.4.5) lib/rack/methodoverride.rb:21:in `call'
  rack (1.4.5) lib/rack/runtime.rb:17:in `call'
  activesupport (3.2.6) lib/active_support/cache/strategy/local_cache.rb:72:in `call'
  rack (1.4.5) lib/rack/lock.rb:15:in `call'
  actionpack (3.2.6) lib/action_dispatch/middleware/static.rb:62:in `call'
  railties (3.2.6) lib/rails/engine.rb:479:in `call'
  railties (3.2.6) lib/rails/application.rb:220:in `call'
  rack (1.4.5) lib/rack/content_length.rb:14:in `call'
  railties (3.2.6) lib/rails/rack/log_tailer.rb:17:in `call'
  thin (1.6.1) lib/thin/connection.rb:82:in `block in pre_process'
  thin (1.6.1) lib/thin/connection.rb:80:in `catch'
  thin (1.6.1) lib/thin/connection.rb:80:in `pre_process'
  thin (1.6.1) lib/thin/connection.rb:55:in `process'
  thin (1.6.1) lib/thin/connection.rb:41:in `receive_data'
  eventmachine (1.0.3) lib/eventmachine.rb:187:in `run_machine'
  eventmachine (1.0.3) lib/eventmachine.rb:187:in `run'
  thin (1.6.1) lib/thin/backends/base.rb:73:in `start'
  thin (1.6.1) lib/thin/server.rb:162:in `start'
  rack (1.4.5) lib/rack/handler/thin.rb:13:in `run'
  rack (1.4.5) lib/rack/server.rb:268:in `start'
  railties (3.2.6) lib/rails/commands/server.rb:70:in `start'
  railties (3.2.6) lib/rails/commands.rb:55:in `block in <top (required)>'
  railties (3.2.6) lib/rails/commands.rb:50:in `tap'
  railties (3.2.6) lib/rails/commands.rb:50:in `<top (required)>'
  script/rails:6:in `require'
  script/rails:6:in `<main>'


  Rendered /Users/dustincfox/.rbenv/versions/2.0.0-p353/lib/ruby/gems/2.0.0/gems/actionpack-3.2.6/lib/action_dispatch/middleware/templates/rescues/routing_error.erb within rescues/layout (0.9ms)


Started GET "/home" for 127.0.0.1 at 2014-03-06 14:41:57 -0600

ActionController::RoutingError (No route matches [GET] "/home"):
  actionpack (3.2.6) lib/action_dispatch/middleware/debug_exceptions.rb:21:in `call'
  actionpack (3.2.6) lib/action_dispatch/middleware/show_exceptions.rb:56:in `call'
  railties (3.2.6) lib/rails/rack/logger.rb:26:in `call_app'
  railties (3.2.6) lib/rails/rack/logger.rb:16:in `call'
  actionpack (3.2.6) lib/action_dispatch/middleware/request_id.rb:22:in `call'
  rack (1.4.5) lib/rack/methodoverride.rb:21:in `call'
  rack (1.4.5) lib/rack/runtime.rb:17:in `call'
  activesupport (3.2.6) lib/active_support/cache/strategy/local_cache.rb:72:in `call'
  rack (1.4.5) lib/rack/lock.rb:15:in `call'
  actionpack (3.2.6) lib/action_dispatch/middleware/static.rb:62:in `call'
  railties (3.2.6) lib/rails/engine.rb:479:in `call'
  railties (3.2.6) lib/rails/application.rb:220:in `call'
  rack (1.4.5) lib/rack/content_length.rb:14:in `call'
  railties (3.2.6) lib/rails/rack/log_tailer.rb:17:in `call'
  thin (1.6.1) lib/thin/connection.rb:82:in `block in pre_process'
  thin (1.6.1) lib/thin/connection.rb:80:in `catch'
  thin (1.6.1) lib/thin/connection.rb:80:in `pre_process'
  thin (1.6.1) lib/thin/connection.rb:55:in `process'
  thin (1.6.1) lib/thin/connection.rb:41:in `receive_data'
  eventmachine (1.0.3) lib/eventmachine.rb:187:in `run_machine'
  eventmachine (1.0.3) lib/eventmachine.rb:187:in `run'
  thin (1.6.1) lib/thin/backends/base.rb:73:in `start'
  thin (1.6.1) lib/thin/server.rb:162:in `start'
  rack (1.4.5) lib/rack/handler/thin.rb:13:in `run'
  rack (1.4.5) lib/rack/server.rb:268:in `start'
  railties (3.2.6) lib/rails/commands/server.rb:70:in `start'
  railties (3.2.6) lib/rails/commands.rb:55:in `block in <top (required)>'
  railties (3.2.6) lib/rails/commands.rb:50:in `tap'
  railties (3.2.6) lib/rails/commands.rb:50:in `<top (required)>'
  script/rails:6:in `require'
  script/rails:6:in `<main>'


  Rendered /Users/dustincfox/.rbenv/versions/2.0.0-p353/lib/ruby/gems/2.0.0/gems/actionpack-3.2.6/lib/action_dispatch/middleware/templates/rescues/routing_error.erb within rescues/layout (0.8ms)


Started GET "/index.html" for 127.0.0.1 at 2014-03-06 14:44:20 -0600

ActionController::RoutingError (No route matches [GET] "/index.html"):
  actionpack (3.2.6) lib/action_dispatch/middleware/debug_exceptions.rb:21:in `call'
  actionpack (3.2.6) lib/action_dispatch/middleware/show_exceptions.rb:56:in `call'
  railties (3.2.6) lib/rails/rack/logger.rb:26:in `call_app'
  railties (3.2.6) lib/rails/rack/logger.rb:16:in `call'
  actionpack (3.2.6) lib/action_dispatch/middleware/request_id.rb:22:in `call'
  rack (1.4.5) lib/rack/methodoverride.rb:21:in `call'
  rack (1.4.5) lib/rack/runtime.rb:17:in `call'
  activesupport (3.2.6) lib/active_support/cache/strategy/local_cache.rb:72:in `call'
  rack (1.4.5) lib/rack/lock.rb:15:in `call'
  actionpack (3.2.6) lib/action_dispatch/middleware/static.rb:62:in `call'
  railties (3.2.6) lib/rails/engine.rb:479:in `call'
  railties (3.2.6) lib/rails/application.rb:220:in `call'
  rack (1.4.5) lib/rack/content_length.rb:14:in `call'
  railties (3.2.6) lib/rails/rack/log_tailer.rb:17:in `call'
  thin (1.6.1) lib/thin/connection.rb:82:in `block in pre_process'
  thin (1.6.1) lib/thin/connection.rb:80:in `catch'
  thin (1.6.1) lib/thin/connection.rb:80:in `pre_process'
  thin (1.6.1) lib/thin/connection.rb:55:in `process'
  thin (1.6.1) lib/thin/connection.rb:41:in `receive_data'
  eventmachine (1.0.3) lib/eventmachine.rb:187:in `run_machine'
  eventmachine (1.0.3) lib/eventmachine.rb:187:in `run'
  thin (1.6.1) lib/thin/backends/base.rb:73:in `start'
  thin (1.6.1) lib/thin/server.rb:162:in `start'
  rack (1.4.5) lib/rack/handler/thin.rb:13:in `run'
  rack (1.4.5) lib/rack/server.rb:268:in `start'
  railties (3.2.6) lib/rails/commands/server.rb:70:in `start'
  railties (3.2.6) lib/rails/commands.rb:55:in `block in <top (required)>'
  railties (3.2.6) lib/rails/commands.rb:50:in `tap'
  railties (3.2.6) lib/rails/commands.rb:50:in `<top (required)>'
  script/rails:6:in `require'
  script/rails:6:in `<main>'


  Rendered /Users/dustincfox/.rbenv/versions/2.0.0-p353/lib/ruby/gems/2.0.0/gems/actionpack-3.2.6/lib/action_dispatch/middleware/templates/rescues/routing_error.erb within rescues/layout (1.3ms)


Started GET "/" for 127.0.0.1 at 2014-03-06 14:45:46 -0600
Processing by WelcomeController#index as HTML
PG::UndefinedTable: ERROR:  relation "posts" does not exist
LINE 4:              WHERE a.attrelid = '"posts"'::regclass
                                        ^
:             SELECT a.attname, format_type(a.atttypid, a.atttypmod), d.adsrc, a.attnotnull
              FROM pg_attribute a LEFT JOIN pg_attrdef d
                ON a.attrelid = d.adrelid AND a.attnum = d.adnum
             WHERE a.attrelid = '"posts"'::regclass
               AND a.attnum > 0 AND NOT a.attisdropped
             ORDER BY a.attnum

Completed 500 Internal Server Error in 7ms

ActiveRecord::StatementInvalid (PG::UndefinedTable: ERROR:  relation "posts" does not exist
LINE 4:              WHERE a.attrelid = '"posts"'::regclass
                                        ^
:             SELECT a.attname, format_type(a.atttypid, a.atttypmod), d.adsrc, a.attnotnull
              FROM pg_attribute a LEFT JOIN pg_attrdef d
                ON a.attrelid = d.adrelid AND a.attnum = d.adnum
             WHERE a.attrelid = '"posts"'::regclass
               AND a.attnum > 0 AND NOT a.attisdropped
             ORDER BY a.attnum
):
  app/controllers/welcome_controller.rb:20:in `index'


  Rendered /Users/dustincfox/.rbenv/versions/2.0.0-p353/lib/ruby/gems/2.0.0/gems/actionpack-3.2.6/lib/action_dispatch/middleware/templates/rescues/_trace.erb (3.8ms)
  Rendered /Users/dustincfox/.rbenv/versions/2.0.0-p353/lib/ruby/gems/2.0.0/gems/actionpack-3.2.6/lib/action_dispatch/middleware/templates/rescues/_request_and_response.erb (1.0ms)
  Rendered /Users/dustincfox/.rbenv/versions/2.0.0-p353/lib/ruby/gems/2.0.0/gems/actionpack-3.2.6/lib/action_dispatch/middleware/templates/rescues/diagnostics.erb within rescues/layout (12.7ms)
Connecting to database specified by database.yml
Connecting to database specified by database.yml
  [1m[36m (54.0ms)[0m  [1mCREATE TABLE "schema_migrations" ("version" character varying(255) NOT NULL) [0m
  [1m[35m (8.5ms)[0m   SELECT distinct i.relname, d.indisunique, d.indkey, pg_get_indexdef(d.indexrelid), t.oid
 FROM pg_class t
 INNER JOIN pg_index d ON t.oid = d.indrelid
 INNER JOIN pg_class i ON d.indexrelid = i.oid
 WHERE i.relkind = 'i'
 AND d.indisprimary = 'f'
 AND t.relname = 'schema_migrations'
 AND i.relnamespace IN (SELECT oid FROM pg_namespace WHERE nspname = ANY (current_schemas(false)) )
 ORDER BY i.relname

  [1m[36m (4.6ms)[0m  [1mCREATE UNIQUE INDEX "unique_schema_migrations" ON "schema_migrations" ("version")[0m
  [1m[35m (0.9ms)[0m  SELECT "schema_migrations"."version" FROM "schema_migrations" 
Migrating to DeviseCreateUsers (20130406233022)
  [1m[36m (0.1ms)[0m  [1mBEGIN[0m
  [1m[35m (37.4ms)[0m  CREATE TABLE "users" ("id" serial primary key, "email" character varying(255) DEFAULT '' NOT NULL, "encrypted_password" character varying(255) DEFAULT '' NOT NULL, "name" character varying(255) DEFAULT '' NOT NULL, "care" integer, "fairness" integer, "loyalty" integer, "authority" integer, "purity" integer, "reset_password_token" character varying(255), "reset_password_sent_at" timestamp, "remember_created_at" timestamp, "sign_in_count" integer DEFAULT 0, "current_sign_in_at" timestamp, "last_sign_in_at" timestamp, "current_sign_in_ip" character varying(255), "last_sign_in_ip" character varying(255), "created_at" timestamp NOT NULL, "updated_at" timestamp NOT NULL) 
  [1m[36m (0.9ms)[0m  [1m SELECT distinct i.relname, d.indisunique, d.indkey, pg_get_indexdef(d.indexrelid), t.oid
 FROM pg_class t
 INNER JOIN pg_index d ON t.oid = d.indrelid
 INNER JOIN pg_class i ON d.indexrelid = i.oid
 WHERE i.relkind = 'i'
 AND d.indisprimary = 'f'
 AND t.relname = 'users'
 AND i.relnamespace IN (SELECT oid FROM pg_namespace WHERE nspname = ANY (current_schemas(false)) )
 ORDER BY i.relname
[0m
  [1m[35m (1.5ms)[0m  CREATE UNIQUE INDEX "index_users_on_email" ON "users" ("email")
  [1m[36m (1.4ms)[0m  [1m SELECT distinct i.relname, d.indisunique, d.indkey, pg_get_indexdef(d.indexrelid), t.oid
 FROM pg_class t
 INNER JOIN pg_index d ON t.oid = d.indrelid
 INNER JOIN pg_class i ON d.indexrelid = i.oid
 WHERE i.relkind = 'i'
 AND d.indisprimary = 'f'
 AND t.relname = 'users'
 AND i.relnamespace IN (SELECT oid FROM pg_namespace WHERE nspname = ANY (current_schemas(false)) )
 ORDER BY i.relname
[0m
  [1m[35mColumns for index index_users_on_email on users (0.3ms)[0m   SELECT a.attnum, a.attname
 FROM pg_attribute a
 WHERE a.attrelid = 131153
 AND a.attnum IN (2)

  [1m[36m (0.8ms)[0m  [1mCREATE UNIQUE INDEX "index_users_on_reset_password_token" ON "users" ("reset_password_token")[0m
  [1m[35m (0.7ms)[0m  INSERT INTO "schema_migrations" ("version") VALUES ('20130406233022')
  [1m[36m (0.5ms)[0m  [1mCOMMIT[0m
Migrating to CreateTags (20130406235404)
  [1m[35m (0.3ms)[0m  BEGIN
  [1m[36m (8.0ms)[0m  [1mCREATE TABLE "tags" ("id" serial primary key, "name" character varying(255), "created_at" timestamp NOT NULL, "updated_at" timestamp NOT NULL) [0m
  [1m[35m (1.3ms)[0m   SELECT distinct i.relname, d.indisunique, d.indkey, pg_get_indexdef(d.indexrelid), t.oid
 FROM pg_class t
 INNER JOIN pg_index d ON t.oid = d.indrelid
 INNER JOIN pg_class i ON d.indexrelid = i.oid
 WHERE i.relkind = 'i'
 AND d.indisprimary = 'f'
 AND t.relname = 'tags'
 AND i.relnamespace IN (SELECT oid FROM pg_namespace WHERE nspname = ANY (current_schemas(false)) )
 ORDER BY i.relname

  [1m[36m (7.1ms)[0m  [1mCREATE INDEX "index_tags_on_name" ON "tags" ("name")[0m
  [1m[35m (0.3ms)[0m  INSERT INTO "schema_migrations" ("version") VALUES ('20130406235404')
  [1m[36m (5.9ms)[0m  [1mCOMMIT[0m
Migrating to CreateComments (20130407005147)
  [1m[35m (0.3ms)[0m  BEGIN
  [1m[36m (17.2ms)[0m  [1mCREATE TABLE "comments" ("id" serial primary key, "content" character varying(255), "commentable_id" integer, "commentable_type" character varying(255), "created_at" timestamp NOT NULL, "updated_at" timestamp NOT NULL) [0m
  [1m[35m (1.9ms)[0m   SELECT distinct i.relname, d.indisunique, d.indkey, pg_get_indexdef(d.indexrelid), t.oid
 FROM pg_class t
 INNER JOIN pg_index d ON t.oid = d.indrelid
 INNER JOIN pg_class i ON d.indexrelid = i.oid
 WHERE i.relkind = 'i'
 AND d.indisprimary = 'f'
 AND t.relname = 'comments'
 AND i.relnamespace IN (SELECT oid FROM pg_namespace WHERE nspname = ANY (current_schemas(false)) )
 ORDER BY i.relname

  [1m[36m (5.9ms)[0m  [1mCREATE INDEX "index_comments_on_commentable_id" ON "comments" ("commentable_id")[0m
  [1m[35m (0.3ms)[0m  INSERT INTO "schema_migrations" ("version") VALUES ('20130407005147')
  [1m[36m (0.5ms)[0m  [1mCOMMIT[0m
Migrating to CreatePosts (20130407023727)
  [1m[35m (0.3ms)[0m  BEGIN
  [1m[36m (14.3ms)[0m  [1mCREATE TABLE "posts" ("id" serial primary key, "title" character varying(255), "desc" text, "img_url" character varying(255), "video_url" character varying(255), "location" character varying(255), "happening_on" date, "starts_at" timestamp, "user_id" integer, "created_at" timestamp NOT NULL, "updated_at" timestamp NOT NULL) [0m
  [1m[35m (0.2ms)[0m  INSERT INTO "schema_migrations" ("version") VALUES ('20130407023727')
  [1m[36m (6.2ms)[0m  [1mCOMMIT[0m
Migrating to CreatePostsTagsTable (20130407024340)
  [1m[35m (5.0ms)[0m  BEGIN
  [1m[36m (0.7ms)[0m  [1mCREATE TABLE "posts_tags" ("post_id" integer, "tag_id" integer) [0m
  [1m[35m (0.9ms)[0m   SELECT distinct i.relname, d.indisunique, d.indkey, pg_get_indexdef(d.indexrelid), t.oid
 FROM pg_class t
 INNER JOIN pg_index d ON t.oid = d.indrelid
 INNER JOIN pg_class i ON d.indexrelid = i.oid
 WHERE i.relkind = 'i'
 AND d.indisprimary = 'f'
 AND t.relname = 'posts_tags'
 AND i.relnamespace IN (SELECT oid FROM pg_namespace WHERE nspname = ANY (current_schemas(false)) )
 ORDER BY i.relname

  [1m[36m (6.2ms)[0m  [1mCREATE INDEX "index_posts_tags_on_post_id_and_tag_id" ON "posts_tags" ("post_id", "tag_id")[0m
  [1m[35m (1.0ms)[0m   SELECT distinct i.relname, d.indisunique, d.indkey, pg_get_indexdef(d.indexrelid), t.oid
 FROM pg_class t
 INNER JOIN pg_index d ON t.oid = d.indrelid
 INNER JOIN pg_class i ON d.indexrelid = i.oid
 WHERE i.relkind = 'i'
 AND d.indisprimary = 'f'
 AND t.relname = 'posts_tags'
 AND i.relnamespace IN (SELECT oid FROM pg_namespace WHERE nspname = ANY (current_schemas(false)) )
 ORDER BY i.relname

  [1m[36mColumns for index index_posts_tags_on_post_id_and_tag_id on posts_tags (0.3ms)[0m  [1m SELECT a.attnum, a.attname
 FROM pg_attribute a
 WHERE a.attrelid = 131200
 AND a.attnum IN (1,2)
[0m
  [1m[35m (6.9ms)[0m  CREATE INDEX "index_posts_tags_on_tag_id_and_post_id" ON "posts_tags" ("tag_id", "post_id")
  [1m[36m (0.3ms)[0m  [1mINSERT INTO "schema_migrations" ("version") VALUES ('20130407024340')[0m
  [1m[35m (5.2ms)[0m  COMMIT
Migrating to CreateCheckIns (20130407024456)
  [1m[36m (0.2ms)[0m  [1mBEGIN[0m
  [1m[35m (14.0ms)[0m  CREATE TABLE "check_ins" ("id" serial primary key, "content" character varying(255), "checked_in_user_id" integer, "checked_in_post_id" integer, "created_at" timestamp NOT NULL, "updated_at" timestamp NOT NULL) 
  [1m[36m (1.2ms)[0m  [1m SELECT distinct i.relname, d.indisunique, d.indkey, pg_get_indexdef(d.indexrelid), t.oid
 FROM pg_class t
 INNER JOIN pg_index d ON t.oid = d.indrelid
 INNER JOIN pg_class i ON d.indexrelid = i.oid
 WHERE i.relkind = 'i'
 AND d.indisprimary = 'f'
 AND t.relname = 'check_ins'
 AND i.relnamespace IN (SELECT oid FROM pg_namespace WHERE nspname = ANY (current_schemas(false)) )
 ORDER BY i.relname
[0m
  [1m[35m (6.9ms)[0m  CREATE INDEX "index_check_ins_on_checked_in_user_id" ON "check_ins" ("checked_in_user_id")
  [1m[36m (1.4ms)[0m  [1m SELECT distinct i.relname, d.indisunique, d.indkey, pg_get_indexdef(d.indexrelid), t.oid
 FROM pg_class t
 INNER JOIN pg_index d ON t.oid = d.indrelid
 INNER JOIN pg_class i ON d.indexrelid = i.oid
 WHERE i.relkind = 'i'
 AND d.indisprimary = 'f'
 AND t.relname = 'check_ins'
 AND i.relnamespace IN (SELECT oid FROM pg_namespace WHERE nspname = ANY (current_schemas(false)) )
 ORDER BY i.relname
[0m
  [1m[35mColumns for index index_check_ins_on_checked_in_user_id on check_ins (0.3ms)[0m   SELECT a.attnum, a.attname
 FROM pg_attribute a
 WHERE a.attrelid = 131207
 AND a.attnum IN (3)

  [1m[36m (1.0ms)[0m  [1mCREATE INDEX "index_check_ins_on_checked_in_post_id" ON "check_ins" ("checked_in_post_id")[0m
  [1m[35m (1.4ms)[0m   SELECT distinct i.relname, d.indisunique, d.indkey, pg_get_indexdef(d.indexrelid), t.oid
 FROM pg_class t
 INNER JOIN pg_index d ON t.oid = d.indrelid
 INNER JOIN pg_class i ON d.indexrelid = i.oid
 WHERE i.relkind = 'i'
 AND d.indisprimary = 'f'
 AND t.relname = 'check_ins'
 AND i.relnamespace IN (SELECT oid FROM pg_namespace WHERE nspname = ANY (current_schemas(false)) )
 ORDER BY i.relname

  [1m[36mColumns for index index_check_ins_on_checked_in_post_id on check_ins (0.3ms)[0m  [1m SELECT a.attnum, a.attname
 FROM pg_attribute a
 WHERE a.attrelid = 131207
 AND a.attnum IN (4)
[0m
  [1m[35mColumns for index index_check_ins_on_checked_in_user_id on check_ins (0.3ms)[0m   SELECT a.attnum, a.attname
 FROM pg_attribute a
 WHERE a.attrelid = 131207
 AND a.attnum IN (3)

  [1m[36m (1.2ms)[0m  [1mCREATE INDEX "index_check_ins_on_checked_in_user_id_and_checked_in_post_id" ON "check_ins" ("checked_in_user_id", "checked_in_post_id")[0m
  [1m[35m (0.2ms)[0m  INSERT INTO "schema_migrations" ("version") VALUES ('20130407024456')
  [1m[36m (0.5ms)[0m  [1mCOMMIT[0m
Migrating to CreateCommitments (20130505054845)
  [1m[35m (0.3ms)[0m  BEGIN
  [1m[36m (8.9ms)[0m  [1mCREATE TABLE "commitments" ("id" serial primary key, "committed_user_id" integer, "commitment_id" integer, "created_at" timestamp NOT NULL, "updated_at" timestamp NOT NULL) [0m
  [1m[35m (1.0ms)[0m   SELECT distinct i.relname, d.indisunique, d.indkey, pg_get_indexdef(d.indexrelid), t.oid
 FROM pg_class t
 INNER JOIN pg_index d ON t.oid = d.indrelid
 INNER JOIN pg_class i ON d.indexrelid = i.oid
 WHERE i.relkind = 'i'
 AND d.indisprimary = 'f'
 AND t.relname = 'commitments'
 AND i.relnamespace IN (SELECT oid FROM pg_namespace WHERE nspname = ANY (current_schemas(false)) )
 ORDER BY i.relname

  [1m[36m (6.7ms)[0m  [1mCREATE INDEX "index_commitments_on_committed_user_id" ON "commitments" ("committed_user_id")[0m
  [1m[35m (0.9ms)[0m   SELECT distinct i.relname, d.indisunique, d.indkey, pg_get_indexdef(d.indexrelid), t.oid
 FROM pg_class t
 INNER JOIN pg_index d ON t.oid = d.indrelid
 INNER JOIN pg_class i ON d.indexrelid = i.oid
 WHERE i.relkind = 'i'
 AND d.indisprimary = 'f'
 AND t.relname = 'commitments'
 AND i.relnamespace IN (SELECT oid FROM pg_namespace WHERE nspname = ANY (current_schemas(false)) )
 ORDER BY i.relname

  [1m[36mColumns for index index_commitments_on_committed_user_id on commitments (0.2ms)[0m  [1m SELECT a.attnum, a.attname
 FROM pg_attribute a
 WHERE a.attrelid = 131218
 AND a.attnum IN (2)
[0m
  [1m[35m (5.5ms)[0m  CREATE INDEX "index_commitments_on_commitment_id" ON "commitments" ("commitment_id")
  [1m[36m (1.2ms)[0m  [1m SELECT distinct i.relname, d.indisunique, d.indkey, pg_get_indexdef(d.indexrelid), t.oid
 FROM pg_class t
 INNER JOIN pg_index d ON t.oid = d.indrelid
 INNER JOIN pg_class i ON d.indexrelid = i.oid
 WHERE i.relkind = 'i'
 AND d.indisprimary = 'f'
 AND t.relname = 'commitments'
 AND i.relnamespace IN (SELECT oid FROM pg_namespace WHERE nspname = ANY (current_schemas(false)) )
 ORDER BY i.relname
[0m
  [1m[35mColumns for index index_commitments_on_commitment_id on commitments (0.2ms)[0m   SELECT a.attnum, a.attname
 FROM pg_attribute a
 WHERE a.attrelid = 131218
 AND a.attnum IN (3)

  [1m[36mColumns for index index_commitments_on_committed_user_id on commitments (0.2ms)[0m  [1m SELECT a.attnum, a.attname
 FROM pg_attribute a
 WHERE a.attrelid = 131218
 AND a.attnum IN (2)
[0m
  [1m[35m (0.9ms)[0m  CREATE UNIQUE INDEX "index_commitments_on_committed_user_id_and_commitment_id" ON "commitments" ("committed_user_id", "commitment_id")
  [1m[36m (0.2ms)[0m  [1mINSERT INTO "schema_migrations" ("version") VALUES ('20130505054845')[0m
  [1m[35m (0.4ms)[0m  COMMIT
Migrating to ThumbsUpMigration (20130513005636)
  [1m[36m (0.3ms)[0m  [1mBEGIN[0m
  [1m[35m (14.8ms)[0m  CREATE TABLE "votes" ("id" serial primary key, "vote" boolean DEFAULT 'f' NOT NULL, "voteable_id" integer NOT NULL, "voteable_type" character varying(255) NOT NULL, "voter_id" integer, "voter_type" character varying(255), "created_at" timestamp NOT NULL, "updated_at" timestamp NOT NULL) 
  [1m[36m (1.3ms)[0m  [1m SELECT distinct i.relname, d.indisunique, d.indkey, pg_get_indexdef(d.indexrelid), t.oid
 FROM pg_class t
 INNER JOIN pg_index d ON t.oid = d.indrelid
 INNER JOIN pg_class i ON d.indexrelid = i.oid
 WHERE i.relkind = 'i'
 AND d.indisprimary = 'f'
 AND t.relname = 'votes'
 AND i.relnamespace IN (SELECT oid FROM pg_namespace WHERE nspname = ANY (current_schemas(false)) )
 ORDER BY i.relname
[0m
  [1m[35m (6.9ms)[0m  CREATE INDEX "index_votes_on_voter_id_and_voter_type" ON "votes" ("voter_id", "voter_type")
  [1m[36m (1.1ms)[0m  [1m SELECT distinct i.relname, d.indisunique, d.indkey, pg_get_indexdef(d.indexrelid), t.oid
 FROM pg_class t
 INNER JOIN pg_index d ON t.oid = d.indrelid
 INNER JOIN pg_class i ON d.indexrelid = i.oid
 WHERE i.relkind = 'i'
 AND d.indisprimary = 'f'
 AND t.relname = 'votes'
 AND i.relnamespace IN (SELECT oid FROM pg_namespace WHERE nspname = ANY (current_schemas(false)) )
 ORDER BY i.relname
[0m
  [1m[35mColumns for index index_votes_on_voter_id_and_voter_type on votes (0.2ms)[0m   SELECT a.attnum, a.attname
 FROM pg_attribute a
 WHERE a.attrelid = 131229
 AND a.attnum IN (5,6)

  [1m[36m (0.9ms)[0m  [1mCREATE INDEX "index_votes_on_voteable_id_and_voteable_type" ON "votes" ("voteable_id", "voteable_type")[0m
  [1m[35m (0.9ms)[0m   SELECT distinct i.relname, d.indisunique, d.indkey, pg_get_indexdef(d.indexrelid), t.oid
 FROM pg_class t
 INNER JOIN pg_index d ON t.oid = d.indrelid
 INNER JOIN pg_class i ON d.indexrelid = i.oid
 WHERE i.relkind = 'i'
 AND d.indisprimary = 'f'
 AND t.relname = 'votes'
 AND i.relnamespace IN (SELECT oid FROM pg_namespace WHERE nspname = ANY (current_schemas(false)) )
 ORDER BY i.relname

  [1m[36mColumns for index index_votes_on_voteable_id_and_voteable_type on votes (0.2ms)[0m  [1m SELECT a.attnum, a.attname
 FROM pg_attribute a
 WHERE a.attrelid = 131229
 AND a.attnum IN (3,4)
[0m
  [1m[35mColumns for index index_votes_on_voter_id_and_voter_type on votes (0.2ms)[0m   SELECT a.attnum, a.attname
 FROM pg_attribute a
 WHERE a.attrelid = 131229
 AND a.attnum IN (5,6)

  [1m[36m (0.8ms)[0m  [1mCREATE UNIQUE INDEX "fk_one_vote_per_user_per_entity" ON "votes" ("voter_id", "voter_type", "voteable_id", "voteable_type")[0m
  [1m[35m (0.3ms)[0m  INSERT INTO "schema_migrations" ("version") VALUES ('20130513005636')
  [1m[36m (0.5ms)[0m  [1mCOMMIT[0m
  [1m[35m (0.2ms)[0m  SELECT "schema_migrations"."version" FROM "schema_migrations" 
  [1m[36mPK and serial sequence (6.5ms)[0m  [1m SELECT attr.attname, seq.relname
 FROM pg_class seq,
 pg_attribute attr,
 pg_depend dep,
 pg_namespace name,
 pg_constraint cons
 WHERE seq.oid = dep.objid
 AND seq.relkind = 'S'
 AND attr.attrelid = dep.refobjid
 AND attr.attnum = dep.refobjsubid
 AND attr.attrelid = cons.conrelid
 AND attr.attnum = cons.conkey[1]
 AND cons.contype = 'p'
 AND dep.refobjid = '"check_ins"'::regclass
[0m
  [1m[35m (2.3ms)[0m   SELECT distinct i.relname, d.indisunique, d.indkey, pg_get_indexdef(d.indexrelid), t.oid
 FROM pg_class t
 INNER JOIN pg_index d ON t.oid = d.indrelid
 INNER JOIN pg_class i ON d.indexrelid = i.oid
 WHERE i.relkind = 'i'
 AND d.indisprimary = 'f'
 AND t.relname = 'check_ins'
 AND i.relnamespace IN (SELECT oid FROM pg_namespace WHERE nspname = ANY (current_schemas(false)) )
 ORDER BY i.relname

  [1m[36mColumns for index index_check_ins_on_checked_in_post_id on check_ins (0.3ms)[0m  [1m SELECT a.attnum, a.attname
 FROM pg_attribute a
 WHERE a.attrelid = 131207
 AND a.attnum IN (4)
[0m
  [1m[35mColumns for index index_check_ins_on_checked_in_user_id on check_ins (0.2ms)[0m   SELECT a.attnum, a.attname
 FROM pg_attribute a
 WHERE a.attrelid = 131207
 AND a.attnum IN (3)

  [1m[36mColumns for index index_check_ins_on_checked_in_user_id_and_checked_in_post_id on check_ins (0.3ms)[0m  [1m SELECT a.attnum, a.attname
 FROM pg_attribute a
 WHERE a.attrelid = 131207
 AND a.attnum IN (3,4)
[0m
  [1m[35mPK and serial sequence (1.7ms)[0m   SELECT attr.attname, seq.relname
 FROM pg_class seq,
 pg_attribute attr,
 pg_depend dep,
 pg_namespace name,
 pg_constraint cons
 WHERE seq.oid = dep.objid
 AND seq.relkind = 'S'
 AND attr.attrelid = dep.refobjid
 AND attr.attnum = dep.refobjsubid
 AND attr.attrelid = cons.conrelid
 AND attr.attnum = cons.conkey[1]
 AND cons.contype = 'p'
 AND dep.refobjid = '"comments"'::regclass

  [1m[36m (1.3ms)[0m  [1m SELECT distinct i.relname, d.indisunique, d.indkey, pg_get_indexdef(d.indexrelid), t.oid
 FROM pg_class t
 INNER JOIN pg_index d ON t.oid = d.indrelid
 INNER JOIN pg_class i ON d.indexrelid = i.oid
 WHERE i.relkind = 'i'
 AND d.indisprimary = 'f'
 AND t.relname = 'comments'
 AND i.relnamespace IN (SELECT oid FROM pg_namespace WHERE nspname = ANY (current_schemas(false)) )
 ORDER BY i.relname
[0m
  [1m[35mColumns for index index_comments_on_commentable_id on comments (0.3ms)[0m   SELECT a.attnum, a.attname
 FROM pg_attribute a
 WHERE a.attrelid = 131179
 AND a.attnum IN (3)

  [1m[36mPK and serial sequence (1.8ms)[0m  [1m SELECT attr.attname, seq.relname
 FROM pg_class seq,
 pg_attribute attr,
 pg_depend dep,
 pg_namespace name,
 pg_constraint cons
 WHERE seq.oid = dep.objid
 AND seq.relkind = 'S'
 AND attr.attrelid = dep.refobjid
 AND attr.attnum = dep.refobjsubid
 AND attr.attrelid = cons.conrelid
 AND attr.attnum = cons.conkey[1]
 AND cons.contype = 'p'
 AND dep.refobjid = '"commitments"'::regclass
[0m
  [1m[35m (1.1ms)[0m   SELECT distinct i.relname, d.indisunique, d.indkey, pg_get_indexdef(d.indexrelid), t.oid
 FROM pg_class t
 INNER JOIN pg_index d ON t.oid = d.indrelid
 INNER JOIN pg_class i ON d.indexrelid = i.oid
 WHERE i.relkind = 'i'
 AND d.indisprimary = 'f'
 AND t.relname = 'commitments'
 AND i.relnamespace IN (SELECT oid FROM pg_namespace WHERE nspname = ANY (current_schemas(false)) )
 ORDER BY i.relname

  [1m[36mColumns for index index_commitments_on_commitment_id on commitments (0.3ms)[0m  [1m SELECT a.attnum, a.attname
 FROM pg_attribute a
 WHERE a.attrelid = 131218
 AND a.attnum IN (3)
[0m
  [1m[35mColumns for index index_commitments_on_committed_user_id on commitments (0.2ms)[0m   SELECT a.attnum, a.attname
 FROM pg_attribute a
 WHERE a.attrelid = 131218
 AND a.attnum IN (2)

  [1m[36mColumns for index index_commitments_on_committed_user_id_and_commitment_id on commitments (0.2ms)[0m  [1m SELECT a.attnum, a.attname
 FROM pg_attribute a
 WHERE a.attrelid = 131218
 AND a.attnum IN (2,3)
[0m
  [1m[35mPK and serial sequence (1.2ms)[0m   SELECT attr.attname, seq.relname
 FROM pg_class seq,
 pg_attribute attr,
 pg_depend dep,
 pg_namespace name,
 pg_constraint cons
 WHERE seq.oid = dep.objid
 AND seq.relkind = 'S'
 AND attr.attrelid = dep.refobjid
 AND attr.attnum = dep.refobjsubid
 AND attr.attrelid = cons.conrelid
 AND attr.attnum = cons.conkey[1]
 AND cons.contype = 'p'
 AND dep.refobjid = '"posts"'::regclass

  [1m[36m (0.8ms)[0m  [1m SELECT distinct i.relname, d.indisunique, d.indkey, pg_get_indexdef(d.indexrelid), t.oid
 FROM pg_class t
 INNER JOIN pg_index d ON t.oid = d.indrelid
 INNER JOIN pg_class i ON d.indexrelid = i.oid
 WHERE i.relkind = 'i'
 AND d.indisprimary = 'f'
 AND t.relname = 'posts'
 AND i.relnamespace IN (SELECT oid FROM pg_namespace WHERE nspname = ANY (current_schemas(false)) )
 ORDER BY i.relname
[0m
  [1m[35mPK and serial sequence (0.7ms)[0m   SELECT attr.attname, seq.relname
 FROM pg_class seq,
 pg_attribute attr,
 pg_depend dep,
 pg_namespace name,
 pg_constraint cons
 WHERE seq.oid = dep.objid
 AND seq.relkind = 'S'
 AND attr.attrelid = dep.refobjid
 AND attr.attnum = dep.refobjsubid
 AND attr.attrelid = cons.conrelid
 AND attr.attnum = cons.conkey[1]
 AND cons.contype = 'p'
 AND dep.refobjid = '"posts_tags"'::regclass

  [1m[36mPK and custom sequence (7.2ms)[0m  [1m SELECT attr.attname,
 CASE
 WHEN split_part(def.adsrc, '''', 2) ~ '.' THEN
 substr(split_part(def.adsrc, '''', 2),
 strpos(split_part(def.adsrc, '''', 2), '.')+1)
 ELSE split_part(def.adsrc, '''', 2)
 END
 FROM pg_class t
 JOIN pg_attribute attr ON (t.oid = attrelid)
 JOIN pg_attrdef def ON (adrelid = attrelid AND adnum = attnum)
 JOIN pg_constraint cons ON (conrelid = adrelid AND adnum = conkey[1])
 WHERE t.oid = '"posts_tags"'::regclass
 AND cons.contype = 'p'
 AND def.adsrc ~* 'nextval'
[0m
  [1m[35m (1.5ms)[0m   SELECT distinct i.relname, d.indisunique, d.indkey, pg_get_indexdef(d.indexrelid), t.oid
 FROM pg_class t
 INNER JOIN pg_index d ON t.oid = d.indrelid
 INNER JOIN pg_class i ON d.indexrelid = i.oid
 WHERE i.relkind = 'i'
 AND d.indisprimary = 'f'
 AND t.relname = 'posts_tags'
 AND i.relnamespace IN (SELECT oid FROM pg_namespace WHERE nspname = ANY (current_schemas(false)) )
 ORDER BY i.relname

  [1m[36mColumns for index index_posts_tags_on_post_id_and_tag_id on posts_tags (0.2ms)[0m  [1m SELECT a.attnum, a.attname
 FROM pg_attribute a
 WHERE a.attrelid = 131200
 AND a.attnum IN (1,2)
[0m
  [1m[35mColumns for index index_posts_tags_on_tag_id_and_post_id on posts_tags (0.2ms)[0m   SELECT a.attnum, a.attname
 FROM pg_attribute a
 WHERE a.attrelid = 131200
 AND a.attnum IN (2,1)

  [1m[36mPK and serial sequence (1.0ms)[0m  [1m SELECT attr.attname, seq.relname
 FROM pg_class seq,
 pg_attribute attr,
 pg_depend dep,
 pg_namespace name,
 pg_constraint cons
 WHERE seq.oid = dep.objid
 AND seq.relkind = 'S'
 AND attr.attrelid = dep.refobjid
 AND attr.attnum = dep.refobjsubid
 AND attr.attrelid = cons.conrelid
 AND attr.attnum = cons.conkey[1]
 AND cons.contype = 'p'
 AND dep.refobjid = '"tags"'::regclass
[0m
  [1m[35m (0.8ms)[0m   SELECT distinct i.relname, d.indisunique, d.indkey, pg_get_indexdef(d.indexrelid), t.oid
 FROM pg_class t
 INNER JOIN pg_index d ON t.oid = d.indrelid
 INNER JOIN pg_class i ON d.indexrelid = i.oid
 WHERE i.relkind = 'i'
 AND d.indisprimary = 'f'
 AND t.relname = 'tags'
 AND i.relnamespace IN (SELECT oid FROM pg_namespace WHERE nspname = ANY (current_schemas(false)) )
 ORDER BY i.relname

  [1m[36mColumns for index index_tags_on_name on tags (0.2ms)[0m  [1m SELECT a.attnum, a.attname
 FROM pg_attribute a
 WHERE a.attrelid = 131170
 AND a.attnum IN (2)
[0m
  [1m[35mPK and serial sequence (0.9ms)[0m   SELECT attr.attname, seq.relname
 FROM pg_class seq,
 pg_attribute attr,
 pg_depend dep,
 pg_namespace name,
 pg_constraint cons
 WHERE seq.oid = dep.objid
 AND seq.relkind = 'S'
 AND attr.attrelid = dep.refobjid
 AND attr.attnum = dep.refobjsubid
 AND attr.attrelid = cons.conrelid
 AND attr.attnum = cons.conkey[1]
 AND cons.contype = 'p'
 AND dep.refobjid = '"users"'::regclass

  [1m[36m (0.8ms)[0m  [1m SELECT distinct i.relname, d.indisunique, d.indkey, pg_get_indexdef(d.indexrelid), t.oid
 FROM pg_class t
 INNER JOIN pg_index d ON t.oid = d.indrelid
 INNER JOIN pg_class i ON d.indexrelid = i.oid
 WHERE i.relkind = 'i'
 AND d.indisprimary = 'f'
 AND t.relname = 'users'
 AND i.relnamespace IN (SELECT oid FROM pg_namespace WHERE nspname = ANY (current_schemas(false)) )
 ORDER BY i.relname
[0m
  [1m[35mColumns for index index_users_on_email on users (0.2ms)[0m   SELECT a.attnum, a.attname
 FROM pg_attribute a
 WHERE a.attrelid = 131153
 AND a.attnum IN (2)

  [1m[36mColumns for index index_users_on_reset_password_token on users (0.2ms)[0m  [1m SELECT a.attnum, a.attname
 FROM pg_attribute a
 WHERE a.attrelid = 131153
 AND a.attnum IN (10)
[0m
  [1m[35mPK and serial sequence (1.0ms)[0m   SELECT attr.attname, seq.relname
 FROM pg_class seq,
 pg_attribute attr,
 pg_depend dep,
 pg_namespace name,
 pg_constraint cons
 WHERE seq.oid = dep.objid
 AND seq.relkind = 'S'
 AND attr.attrelid = dep.refobjid
 AND attr.attnum = dep.refobjsubid
 AND attr.attrelid = cons.conrelid
 AND attr.attnum = cons.conkey[1]
 AND cons.contype = 'p'
 AND dep.refobjid = '"votes"'::regclass

  [1m[36m (0.9ms)[0m  [1m SELECT distinct i.relname, d.indisunique, d.indkey, pg_get_indexdef(d.indexrelid), t.oid
 FROM pg_class t
 INNER JOIN pg_index d ON t.oid = d.indrelid
 INNER JOIN pg_class i ON d.indexrelid = i.oid
 WHERE i.relkind = 'i'
 AND d.indisprimary = 'f'
 AND t.relname = 'votes'
 AND i.relnamespace IN (SELECT oid FROM pg_namespace WHERE nspname = ANY (current_schemas(false)) )
 ORDER BY i.relname
[0m
  [1m[35mColumns for index fk_one_vote_per_user_per_entity on votes (0.2ms)[0m   SELECT a.attnum, a.attname
 FROM pg_attribute a
 WHERE a.attrelid = 131229
 AND a.attnum IN (5,6,3,4)

  [1m[36mColumns for index index_votes_on_voteable_id_and_voteable_type on votes (0.2ms)[0m  [1m SELECT a.attnum, a.attname
 FROM pg_attribute a
 WHERE a.attrelid = 131229
 AND a.attnum IN (3,4)
[0m
  [1m[35mColumns for index index_votes_on_voter_id_and_voter_type on votes (0.2ms)[0m   SELECT a.attnum, a.attname
 FROM pg_attribute a
 WHERE a.attrelid = 131229
 AND a.attnum IN (5,6)



Started GET "/" for 127.0.0.1 at 2014-03-06 14:50:22 -0600
Processing by WelcomeController#index as HTML
  [1m[36mPost Load (0.6ms)[0m  [1mSELECT "posts".* FROM "posts" [0m
  [1m[35mCACHE (0.0ms)[0m  SELECT "posts".* FROM "posts" 
  [1m[36mTag Load (0.7ms)[0m  [1mSELECT "tags".* FROM "tags" ORDER BY id DESC LIMIT 8[0m
  [1m[35mCACHE (0.0ms)[0m  SELECT "tags".* FROM "tags" ORDER BY id DESC LIMIT 8
  Rendered posts/_table.html.erb (0.0ms)
  Rendered posts/_table.html.erb (0.0ms)
  Rendered welcome/index.html.erb within layouts/application (24.3ms)
Compiled application.css  (0ms)  (pid 777)
Compiled application.js  (0ms)  (pid 777)
Completed 200 OK in 166ms (Views: 42.6ms | ActiveRecord: 19.4ms | Sphinx: 0.0ms)


Started GET "/assets/application.css?body=1" for 127.0.0.1 at 2014-03-06 14:50:22 -0600
Served asset /application.css - 200 OK (2ms)


Started GET "/assets/logo.png" for 127.0.0.1 at 2014-03-06 14:50:22 -0600
Served asset /logo.png - 200 OK (3ms)


Started GET "/assets/application.js?body=1" for 127.0.0.1 at 2014-03-06 14:50:22 -0600
Served asset /application.js - 200 OK (1ms)


Started GET "/about" for 127.0.0.1 at 2014-03-06 14:52:15 -0600
Processing by WelcomeController#about as HTML
  Rendered welcome/about.html.erb within layouts/application (0.4ms)
Completed 200 OK in 8ms (Views: 7.7ms | ActiveRecord: 0.0ms | Sphinx: 0.0ms)


Started GET "/how" for 127.0.0.1 at 2014-03-06 14:52:17 -0600
Processing by WelcomeController#how as HTML
  Rendered welcome/how.html.erb within layouts/application (0.3ms)
Completed 200 OK in 49ms (Views: 48.8ms | ActiveRecord: 0.0ms | Sphinx: 0.0ms)


Started GET "/users/sign_up" for 127.0.0.1 at 2014-03-06 14:52:24 -0600
Processing by RegistrationsController#new as HTML
  Rendered devise/shared/_links.erb (2.5ms)
  Rendered devise/registrations/new.html.erb within layouts/application (151.1ms)
Completed 200 OK in 164ms (Views: 162.7ms | ActiveRecord: 0.0ms | Sphinx: 0.0ms)


Started POST "/users" for 127.0.0.1 at 2014-03-06 14:52:36 -0600
Processing by RegistrationsController#create as HTML
  Parameters: {"utf8"=>"✓", "authenticity_token"=>"inryAJhdlE0KgWJKEmerdTpElkxk7kKiiww15Nxrfro=", "user"=>{"email"=>"dustincfox@gmail.com", "password"=>"[FILTERED]", "password_confirmation"=>"[FILTERED]"}, "commit"=>"Sign up"}
  [1m[36m (0.1ms)[0m  [1mBEGIN[0m
  [1m[35mUser Exists (19.2ms)[0m  SELECT 1 AS one FROM "users" WHERE "users"."email" = 'dustincfox@gmail.com' LIMIT 1
  [1m[36mSQL (30.0ms)[0m  [1mINSERT INTO "users" ("authority", "care", "created_at", "current_sign_in_at", "current_sign_in_ip", "email", "encrypted_password", "fairness", "last_sign_in_at", "last_sign_in_ip", "loyalty", "name", "purity", "remember_created_at", "reset_password_sent_at", "reset_password_token", "sign_in_count", "updated_at") VALUES ($1, $2, $3, $4, $5, $6, $7, $8, $9, $10, $11, $12, $13, $14, $15, $16, $17, $18) RETURNING "id"[0m  [["authority", nil], ["care", nil], ["created_at", Thu, 06 Mar 2014 20:52:36 UTC +00:00], ["current_sign_in_at", nil], ["current_sign_in_ip", nil], ["email", "dustincfox@gmail.com"], ["encrypted_password", "$2a$10$UsxgBkOmG8xj3EVDf5o8HeFrfZ0ekWNV8anG19xCteToaC6jUemcG"], ["fairness", nil], ["last_sign_in_at", nil], ["last_sign_in_ip", nil], ["loyalty", nil], ["name", ""], ["purity", nil], ["remember_created_at", nil], ["reset_password_sent_at", nil], ["reset_password_token", nil], ["sign_in_count", 0], ["updated_at", Thu, 06 Mar 2014 20:52:36 UTC +00:00]]
  [1m[35m (0.8ms)[0m  COMMIT
  [1m[36m (0.2ms)[0m  [1mBEGIN[0m
  [1m[35m (1.0ms)[0m  UPDATE "users" SET "last_sign_in_at" = '2014-03-06 20:52:36.311230', "current_sign_in_at" = '2014-03-06 20:52:36.311230', "last_sign_in_ip" = '127.0.0.1', "current_sign_in_ip" = '127.0.0.1', "sign_in_count" = 1, "updated_at" = '2014-03-06 20:52:36.313715' WHERE "users"."id" = 1
  [1m[36m (0.6ms)[0m  [1mCOMMIT[0m
Redirected to http://localhost:3000/survey
Completed 302 Found in 177ms (ActiveRecord: 0.0ms)


Started GET "/survey" for 127.0.0.1 at 2014-03-06 14:52:36 -0600
Processing by WelcomeController#survey as HTML
  Rendered welcome/survey.html.erb within layouts/application (49.8ms)
  [1m[35mUser Load (0.6ms)[0m  SELECT "users".* FROM "users" WHERE "users"."id" = 1 LIMIT 1
Completed 200 OK in 61ms (Views: 59.5ms | ActiveRecord: 0.6ms | Sphinx: 0.0ms)


Started POST "/submit_survey" for 127.0.0.1 at 2014-03-06 14:52:53 -0600
Processing by WelcomeController#submit_survey as HTML
  Parameters: {"utf8"=>"✓", "authenticity_token"=>"inryAJhdlE0KgWJKEmerdTpElkxk7kKiiww15Nxrfro=", "one"=>"3", "two"=>"3", "three"=>"3", "four"=>"3", "five"=>"3", "six"=>"3", "seven"=>"3", "eight"=>"3", "nine"=>"3", "ten"=>"3", "eleven"=>"3", "twelve"=>"3", "thirteen"=>"3", "fourteen"=>"3", "fifteen"=>"3", "sixteen"=>"3", "seventeen"=>"3", "eighteen"=>"3", "nineteen"=>"3", "twenty"=>"3", "twentyone"=>"3", "twentytwo"=>"3", "twentythree"=>"3", "twentyfour"=>"3", "twentyfive"=>"3", "twentysix"=>"3", "twentyseven"=>"3", "twentyeight"=>"3", "twentynine"=>"3", "thirty"=>"3", "thirtyone"=>"3", "thirtytwo"=>"3", "commit"=>"Find Actions For Your Values"}
  [1m[36mUser Load (0.4ms)[0m  [1mSELECT "users".* FROM "users" WHERE "users"."id" = 1 LIMIT 1[0m
  [1m[35m (0.1ms)[0m  BEGIN
  [1m[36m (0.3ms)[0m  [1mUPDATE "users" SET "care" = 18, "fairness" = 18, "loyalty" = 18, "authority" = 18, "purity" = 18, "updated_at" = '2014-03-06 20:52:53.721981' WHERE "users"."id" = 1[0m
  [1m[35m (0.8ms)[0m  COMMIT
Redirected to http://localhost:3000/
Completed 302 Found in 6ms (ActiveRecord: 1.6ms)


Started GET "/" for 127.0.0.1 at 2014-03-06 14:52:53 -0600
Processing by WelcomeController#index as HTML
  [1m[36mUser Load (0.4ms)[0m  [1mSELECT "users".* FROM "users" WHERE "users"."id" = 1 LIMIT 1[0m
  [1m[35mPost Load (0.5ms)[0m  SELECT "posts".* FROM "posts" INNER JOIN "commitments" ON "posts"."id" = "commitments"."commitment_id" WHERE "commitments"."committed_user_id" = 1
  [1m[36mPost Load (0.2ms)[0m  [1mSELECT "posts".* FROM "posts" [0m
  [1m[35mCACHE (0.0ms)[0m  SELECT "posts".* FROM "posts" 
  [1m[36mTag Load (0.2ms)[0m  [1mSELECT "tags".* FROM "tags" ORDER BY id DESC LIMIT 8[0m
  [1m[35mCACHE (0.0ms)[0m  SELECT "tags".* FROM "tags" ORDER BY id DESC LIMIT 8
  Rendered posts/_table.html.erb (0.0ms)
  Rendered posts/_table.html.erb (0.0ms)
  Rendered posts/_table.html.erb (0.0ms)
  Rendered welcome/index.html.erb within layouts/application (1.2ms)
Completed 200 OK in 39ms (Views: 5.4ms | ActiveRecord: 2.4ms | Sphinx: 0.0ms)


Started GET "/users/sign_out" for 127.0.0.1 at 2014-03-06 14:54:04 -0600

ActionController::RoutingError (No route matches [GET] "/users/sign_out"):
  actionpack (3.2.6) lib/action_dispatch/middleware/debug_exceptions.rb:21:in `call'
  actionpack (3.2.6) lib/action_dispatch/middleware/show_exceptions.rb:56:in `call'
  railties (3.2.6) lib/rails/rack/logger.rb:26:in `call_app'
  railties (3.2.6) lib/rails/rack/logger.rb:16:in `call'
  actionpack (3.2.6) lib/action_dispatch/middleware/request_id.rb:22:in `call'
  rack (1.4.5) lib/rack/methodoverride.rb:21:in `call'
  rack (1.4.5) lib/rack/runtime.rb:17:in `call'
  activesupport (3.2.6) lib/active_support/cache/strategy/local_cache.rb:72:in `call'
  rack (1.4.5) lib/rack/lock.rb:15:in `call'
  actionpack (3.2.6) lib/action_dispatch/middleware/static.rb:62:in `call'
  railties (3.2.6) lib/rails/engine.rb:479:in `call'
  railties (3.2.6) lib/rails/application.rb:220:in `call'
  rack (1.4.5) lib/rack/content_length.rb:14:in `call'
  railties (3.2.6) lib/rails/rack/log_tailer.rb:17:in `call'
  thin (1.6.1) lib/thin/connection.rb:82:in `block in pre_process'
  thin (1.6.1) lib/thin/connection.rb:80:in `catch'
  thin (1.6.1) lib/thin/connection.rb:80:in `pre_process'
  thin (1.6.1) lib/thin/connection.rb:55:in `process'
  thin (1.6.1) lib/thin/connection.rb:41:in `receive_data'
  eventmachine (1.0.3) lib/eventmachine.rb:187:in `run_machine'
  eventmachine (1.0.3) lib/eventmachine.rb:187:in `run'
  thin (1.6.1) lib/thin/backends/base.rb:73:in `start'
  thin (1.6.1) lib/thin/server.rb:162:in `start'
  rack (1.4.5) lib/rack/handler/thin.rb:13:in `run'
  rack (1.4.5) lib/rack/server.rb:268:in `start'
  railties (3.2.6) lib/rails/commands/server.rb:70:in `start'
  railties (3.2.6) lib/rails/commands.rb:55:in `block in <top (required)>'
  railties (3.2.6) lib/rails/commands.rb:50:in `tap'
  railties (3.2.6) lib/rails/commands.rb:50:in `<top (required)>'
  script/rails:6:in `require'
  script/rails:6:in `<main>'


  Rendered /Users/dustincfox/.rbenv/versions/2.0.0-p353/lib/ruby/gems/2.0.0/gems/actionpack-3.2.6/lib/action_dispatch/middleware/templates/rescues/routing_error.erb within rescues/layout (0.5ms)


Started GET "/" for 127.0.0.1 at 2014-03-06 15:13:54 -0600
Processing by WelcomeController#index as HTML
  [1m[36mUser Load (0.5ms)[0m  [1mSELECT "users".* FROM "users" WHERE "users"."id" = 1 LIMIT 1[0m
  [1m[35mPost Load (0.4ms)[0m  SELECT "posts".* FROM "posts" INNER JOIN "commitments" ON "posts"."id" = "commitments"."commitment_id" WHERE "commitments"."committed_user_id" = 1
  [1m[36mPost Load (0.2ms)[0m  [1mSELECT "posts".* FROM "posts" [0m
  [1m[35mCACHE (0.0ms)[0m  SELECT "posts".* FROM "posts" 
  [1m[36mTag Load (0.3ms)[0m  [1mSELECT "tags".* FROM "tags" ORDER BY id DESC LIMIT 8[0m
  [1m[35mCACHE (0.0ms)[0m  SELECT "tags".* FROM "tags" ORDER BY id DESC LIMIT 8
  Rendered posts/_table.html.erb (0.0ms)
  Rendered posts/_table.html.erb (0.0ms)
  Rendered posts/_table.html.erb (0.0ms)
  Rendered welcome/index.html.erb within layouts/application (1.1ms)
Completed 200 OK in 10ms (Views: 5.0ms | ActiveRecord: 1.3ms | Sphinx: 0.0ms)


Started GET "/assets/application.css?body=1" for 127.0.0.1 at 2014-03-06 15:13:54 -0600
Served asset /application.css - 304 Not Modified (0ms)


Started GET "/assets/logo.png" for 127.0.0.1 at 2014-03-06 15:13:54 -0600
Served asset /logo.png - 304 Not Modified (0ms)


Started GET "/assets/application.js?body=1" for 127.0.0.1 at 2014-03-06 15:13:54 -0600
Served asset /application.js - 304 Not Modified (0ms)


Started GET "/users/sign_out" for 127.0.0.1 at 2014-03-06 15:14:33 -0600

ActionController::RoutingError (No route matches [GET] "/users/sign_out"):
  actionpack (3.2.6) lib/action_dispatch/middleware/debug_exceptions.rb:21:in `call'
  actionpack (3.2.6) lib/action_dispatch/middleware/show_exceptions.rb:56:in `call'
  railties (3.2.6) lib/rails/rack/logger.rb:26:in `call_app'
  railties (3.2.6) lib/rails/rack/logger.rb:16:in `call'
  actionpack (3.2.6) lib/action_dispatch/middleware/request_id.rb:22:in `call'
  rack (1.4.5) lib/rack/methodoverride.rb:21:in `call'
  rack (1.4.5) lib/rack/runtime.rb:17:in `call'
  activesupport (3.2.6) lib/active_support/cache/strategy/local_cache.rb:72:in `call'
  rack (1.4.5) lib/rack/lock.rb:15:in `call'
  actionpack (3.2.6) lib/action_dispatch/middleware/static.rb:62:in `call'
  railties (3.2.6) lib/rails/engine.rb:479:in `call'
  railties (3.2.6) lib/rails/application.rb:220:in `call'
  rack (1.4.5) lib/rack/content_length.rb:14:in `call'
  railties (3.2.6) lib/rails/rack/log_tailer.rb:17:in `call'
  thin (1.6.1) lib/thin/connection.rb:82:in `block in pre_process'
  thin (1.6.1) lib/thin/connection.rb:80:in `catch'
  thin (1.6.1) lib/thin/connection.rb:80:in `pre_process'
  thin (1.6.1) lib/thin/connection.rb:55:in `process'
  thin (1.6.1) lib/thin/connection.rb:41:in `receive_data'
  eventmachine (1.0.3) lib/eventmachine.rb:187:in `run_machine'
  eventmachine (1.0.3) lib/eventmachine.rb:187:in `run'
  thin (1.6.1) lib/thin/backends/base.rb:73:in `start'
  thin (1.6.1) lib/thin/server.rb:162:in `start'
  rack (1.4.5) lib/rack/handler/thin.rb:13:in `run'
  rack (1.4.5) lib/rack/server.rb:268:in `start'
  railties (3.2.6) lib/rails/commands/server.rb:70:in `start'
  railties (3.2.6) lib/rails/commands.rb:55:in `block in <top (required)>'
  railties (3.2.6) lib/rails/commands.rb:50:in `tap'
  railties (3.2.6) lib/rails/commands.rb:50:in `<top (required)>'
  script/rails:6:in `require'
  script/rails:6:in `<main>'


  Rendered /Users/dustincfox/.rbenv/versions/2.0.0-p353/lib/ruby/gems/2.0.0/gems/actionpack-3.2.6/lib/action_dispatch/middleware/templates/rescues/routing_error.erb within rescues/layout (0.5ms)


Started GET "/" for 127.0.0.1 at 2014-03-06 15:15:37 -0600
Processing by WelcomeController#index as HTML
  [1m[36mUser Load (0.4ms)[0m  [1mSELECT "users".* FROM "users" WHERE "users"."id" = 1 LIMIT 1[0m
  [1m[35mPost Load (0.4ms)[0m  SELECT "posts".* FROM "posts" INNER JOIN "commitments" ON "posts"."id" = "commitments"."commitment_id" WHERE "commitments"."committed_user_id" = 1
  [1m[36mPost Load (0.1ms)[0m  [1mSELECT "posts".* FROM "posts" [0m
  [1m[35mCACHE (0.0ms)[0m  SELECT "posts".* FROM "posts" 
  [1m[36mTag Load (0.2ms)[0m  [1mSELECT "tags".* FROM "tags" ORDER BY id DESC LIMIT 8[0m
  [1m[35mCACHE (0.0ms)[0m  SELECT "tags".* FROM "tags" ORDER BY id DESC LIMIT 8
  Rendered posts/_table.html.erb (0.0ms)
  Rendered posts/_table.html.erb (0.0ms)
  Rendered posts/_table.html.erb (0.0ms)
  Rendered welcome/index.html.erb within layouts/application (1.5ms)
Completed 200 OK in 56ms (Views: 51.6ms | ActiveRecord: 1.1ms | Sphinx: 0.0ms)


Started GET "/assets/application.css?body=1" for 127.0.0.1 at 2014-03-06 15:15:37 -0600
Served asset /application.css - 304 Not Modified (0ms)


Started GET "/assets/application.js?body=1" for 127.0.0.1 at 2014-03-06 15:15:37 -0600
Served asset /application.js - 304 Not Modified (0ms)


Started GET "/assets/logo.png" for 127.0.0.1 at 2014-03-06 15:15:37 -0600
Served asset /logo.png - 304 Not Modified (0ms)


Started GET "/" for 127.0.0.1 at 2014-03-06 15:15:38 -0600
Processing by WelcomeController#index as HTML
  [1m[36mUser Load (0.4ms)[0m  [1mSELECT "users".* FROM "users" WHERE "users"."id" = 1 LIMIT 1[0m
  [1m[35mPost Load (0.6ms)[0m  SELECT "posts".* FROM "posts" INNER JOIN "commitments" ON "posts"."id" = "commitments"."commitment_id" WHERE "commitments"."committed_user_id" = 1
  [1m[36mPost Load (0.2ms)[0m  [1mSELECT "posts".* FROM "posts" [0m
  [1m[35mCACHE (0.0ms)[0m  SELECT "posts".* FROM "posts" 
  [1m[36mTag Load (0.2ms)[0m  [1mSELECT "tags".* FROM "tags" ORDER BY id DESC LIMIT 8[0m
  [1m[35mCACHE (0.0ms)[0m  SELECT "tags".* FROM "tags" ORDER BY id DESC LIMIT 8
  Rendered posts/_table.html.erb (0.0ms)
  Rendered posts/_table.html.erb (0.0ms)
  Rendered posts/_table.html.erb (0.0ms)
  Rendered welcome/index.html.erb within layouts/application (1.1ms)
Completed 200 OK in 11ms (Views: 5.2ms | ActiveRecord: 1.5ms | Sphinx: 0.0ms)


Started GET "/assets/application.css?body=1" for 127.0.0.1 at 2014-03-06 15:15:38 -0600
Served asset /application.css - 304 Not Modified (0ms)


Started GET "/assets/logo.png" for 127.0.0.1 at 2014-03-06 15:15:38 -0600
Served asset /logo.png - 304 Not Modified (0ms)


Started GET "/assets/application.js?body=1" for 127.0.0.1 at 2014-03-06 15:15:38 -0600
Served asset /application.js - 304 Not Modified (0ms)


Started GET "/users/sign_out" for 127.0.0.1 at 2014-03-06 15:15:42 -0600

ActionController::RoutingError (No route matches [GET] "/users/sign_out"):
  actionpack (3.2.6) lib/action_dispatch/middleware/debug_exceptions.rb:21:in `call'
  actionpack (3.2.6) lib/action_dispatch/middleware/show_exceptions.rb:56:in `call'
  railties (3.2.6) lib/rails/rack/logger.rb:26:in `call_app'
  railties (3.2.6) lib/rails/rack/logger.rb:16:in `call'
  actionpack (3.2.6) lib/action_dispatch/middleware/request_id.rb:22:in `call'
  rack (1.4.5) lib/rack/methodoverride.rb:21:in `call'
  rack (1.4.5) lib/rack/runtime.rb:17:in `call'
  activesupport (3.2.6) lib/active_support/cache/strategy/local_cache.rb:72:in `call'
  rack (1.4.5) lib/rack/lock.rb:15:in `call'
  actionpack (3.2.6) lib/action_dispatch/middleware/static.rb:62:in `call'
  railties (3.2.6) lib/rails/engine.rb:479:in `call'
  railties (3.2.6) lib/rails/application.rb:220:in `call'
  rack (1.4.5) lib/rack/content_length.rb:14:in `call'
  railties (3.2.6) lib/rails/rack/log_tailer.rb:17:in `call'
  thin (1.6.1) lib/thin/connection.rb:82:in `block in pre_process'
  thin (1.6.1) lib/thin/connection.rb:80:in `catch'
  thin (1.6.1) lib/thin/connection.rb:80:in `pre_process'
  thin (1.6.1) lib/thin/connection.rb:55:in `process'
  thin (1.6.1) lib/thin/connection.rb:41:in `receive_data'
  eventmachine (1.0.3) lib/eventmachine.rb:187:in `run_machine'
  eventmachine (1.0.3) lib/eventmachine.rb:187:in `run'
  thin (1.6.1) lib/thin/backends/base.rb:73:in `start'
  thin (1.6.1) lib/thin/server.rb:162:in `start'
  rack (1.4.5) lib/rack/handler/thin.rb:13:in `run'
  rack (1.4.5) lib/rack/server.rb:268:in `start'
  railties (3.2.6) lib/rails/commands/server.rb:70:in `start'
  railties (3.2.6) lib/rails/commands.rb:55:in `block in <top (required)>'
  railties (3.2.6) lib/rails/commands.rb:50:in `tap'
  railties (3.2.6) lib/rails/commands.rb:50:in `<top (required)>'
  script/rails:6:in `require'
  script/rails:6:in `<main>'


  Rendered /Users/dustincfox/.rbenv/versions/2.0.0-p353/lib/ruby/gems/2.0.0/gems/actionpack-3.2.6/lib/action_dispatch/middleware/templates/rescues/routing_error.erb within rescues/layout (0.5ms)


Started GET "/posts" for 127.0.0.1 at 2014-03-06 15:17:40 -0600
Processing by PostsController#index as HTML
  Rendered posts/_table.html.erb (0.0ms)
  Rendered posts/index.html.erb within layouts/application (2.8ms)
Completed 500 Internal Server Error in 6ms

ActionView::Template::Error (undefined method `each' for nil:NilClass):
    21:     <h3>#Causes</h3>
    22:     <hr>
    23:     <div class="lead">Causes from results</div>
    24:     <% @tags_from_results.each do |t| %>
    25:       <%= link_to tag_path(t.name) do %>
    26:         <span class="label">#<%= t.name %></span>
    27:       <% end %>
  app/views/posts/index.html.erb:24:in `_app_views_posts_index_html_erb__1447853988194265155_70313805215780'
  app/controllers/posts_controller.rb:21:in `index'


  Rendered /Users/dustincfox/.rbenv/versions/2.0.0-p353/lib/ruby/gems/2.0.0/gems/actionpack-3.2.6/lib/action_dispatch/middleware/templates/rescues/_trace.erb (3.4ms)
  Rendered /Users/dustincfox/.rbenv/versions/2.0.0-p353/lib/ruby/gems/2.0.0/gems/actionpack-3.2.6/lib/action_dispatch/middleware/templates/rescues/_request_and_response.erb (1.6ms)
  Rendered /Users/dustincfox/.rbenv/versions/2.0.0-p353/lib/ruby/gems/2.0.0/gems/actionpack-3.2.6/lib/action_dispatch/middleware/templates/rescues/template_error.erb within rescues/layout (14.1ms)


Started GET "/posts/new" for 127.0.0.1 at 2014-03-06 15:28:22 -0600
Processing by PostsController#new as HTML
  [1m[36mUser Load (0.4ms)[0m  [1mSELECT "users".* FROM "users" WHERE "users"."id" = 1 LIMIT 1[0m
  Rendered posts/_form.html.erb (12.1ms)
  Rendered posts/new.html.erb within layouts/application (13.5ms)
Completed 200 OK in 31ms (Views: 17.7ms | ActiveRecord: 0.4ms | Sphinx: 0.0ms)


Started GET "/assets/application.css?body=1" for 127.0.0.1 at 2014-03-06 15:28:22 -0600
Served asset /application.css - 304 Not Modified (0ms)


Started GET "/assets/logo.png" for 127.0.0.1 at 2014-03-06 15:28:22 -0600
Served asset /logo.png - 304 Not Modified (0ms)


Started GET "/assets/application.js?body=1" for 127.0.0.1 at 2014-03-06 15:28:22 -0600
Served asset /application.js - 304 Not Modified (0ms)


Started GET "/users/sign_out" for 127.0.0.1 at 2014-03-06 15:28:42 -0600

ActionController::RoutingError (No route matches [GET] "/users/sign_out"):
  actionpack (3.2.6) lib/action_dispatch/middleware/debug_exceptions.rb:21:in `call'
  actionpack (3.2.6) lib/action_dispatch/middleware/show_exceptions.rb:56:in `call'
  railties (3.2.6) lib/rails/rack/logger.rb:26:in `call_app'
  railties (3.2.6) lib/rails/rack/logger.rb:16:in `call'
  actionpack (3.2.6) lib/action_dispatch/middleware/request_id.rb:22:in `call'
  rack (1.4.5) lib/rack/methodoverride.rb:21:in `call'
  rack (1.4.5) lib/rack/runtime.rb:17:in `call'
  activesupport (3.2.6) lib/active_support/cache/strategy/local_cache.rb:72:in `call'
  rack (1.4.5) lib/rack/lock.rb:15:in `call'
  actionpack (3.2.6) lib/action_dispatch/middleware/static.rb:62:in `call'
  railties (3.2.6) lib/rails/engine.rb:479:in `call'
  railties (3.2.6) lib/rails/application.rb:220:in `call'
  rack (1.4.5) lib/rack/content_length.rb:14:in `call'
  railties (3.2.6) lib/rails/rack/log_tailer.rb:17:in `call'
  thin (1.6.1) lib/thin/connection.rb:82:in `block in pre_process'
  thin (1.6.1) lib/thin/connection.rb:80:in `catch'
  thin (1.6.1) lib/thin/connection.rb:80:in `pre_process'
  thin (1.6.1) lib/thin/connection.rb:55:in `process'
  thin (1.6.1) lib/thin/connection.rb:41:in `receive_data'
  eventmachine (1.0.3) lib/eventmachine.rb:187:in `run_machine'
  eventmachine (1.0.3) lib/eventmachine.rb:187:in `run'
  thin (1.6.1) lib/thin/backends/base.rb:73:in `start'
  thin (1.6.1) lib/thin/server.rb:162:in `start'
  rack (1.4.5) lib/rack/handler/thin.rb:13:in `run'
  rack (1.4.5) lib/rack/server.rb:268:in `start'
  railties (3.2.6) lib/rails/commands/server.rb:70:in `start'
  railties (3.2.6) lib/rails/commands.rb:55:in `block in <top (required)>'
  railties (3.2.6) lib/rails/commands.rb:50:in `tap'
  railties (3.2.6) lib/rails/commands.rb:50:in `<top (required)>'
  script/rails:6:in `require'
  script/rails:6:in `<main>'


  Rendered /Users/dustincfox/.rbenv/versions/2.0.0-p353/lib/ruby/gems/2.0.0/gems/actionpack-3.2.6/lib/action_dispatch/middleware/templates/rescues/routing_error.erb within rescues/layout (0.5ms)


Started GET "/" for 127.0.0.1 at 2014-03-06 15:29:12 -0600
Processing by WelcomeController#index as HTML
  [1m[35mPost Load (0.3ms)[0m  SELECT "posts".* FROM "posts" 
  [1m[36mCACHE (0.0ms)[0m  [1mSELECT "posts".* FROM "posts" [0m
  [1m[35mTag Load (0.2ms)[0m  SELECT "tags".* FROM "tags" ORDER BY id DESC LIMIT 8
  [1m[36mCACHE (0.0ms)[0m  [1mSELECT "tags".* FROM "tags" ORDER BY id DESC LIMIT 8[0m
  Rendered posts/_table.html.erb (0.0ms)
  Rendered posts/_table.html.erb (0.0ms)
  Rendered welcome/index.html.erb within layouts/application (3.3ms)
Completed 200 OK in 10ms (Views: 7.5ms | ActiveRecord: 0.6ms | Sphinx: 0.0ms)


Started GET "/assets/application.css?body=1" for 127.0.0.1 at 2014-03-06 15:29:12 -0600
Served asset /application.css - 304 Not Modified (0ms)


Started GET "/assets/application.js?body=1" for 127.0.0.1 at 2014-03-06 15:29:12 -0600
Served asset /application.js - 304 Not Modified (0ms)


Started GET "/assets/logo.png" for 127.0.0.1 at 2014-03-06 15:29:12 -0600
Served asset /logo.png - 304 Not Modified (0ms)


Started GET "/users/sign_in" for 127.0.0.1 at 2014-03-06 15:29:18 -0600
Processing by Devise::SessionsController#new as HTML
  Rendered devise/shared/_links.erb (0.7ms)
  Rendered devise/sessions/new.html.erb within layouts/application (5.4ms)
Completed 200 OK in 11ms (Views: 10.5ms | ActiveRecord: 0.0ms | Sphinx: 0.0ms)


Started GET "/assets/application.css?body=1" for 127.0.0.1 at 2014-03-06 15:29:18 -0600
Served asset /application.css - 304 Not Modified (0ms)


Started GET "/assets/logo.png" for 127.0.0.1 at 2014-03-06 15:29:18 -0600
Served asset /logo.png - 304 Not Modified (0ms)


Started GET "/assets/application.js?body=1" for 127.0.0.1 at 2014-03-06 15:29:18 -0600
Served asset /application.js - 304 Not Modified (0ms)


Started GET "/users/sign_in" for 127.0.0.1 at 2014-03-06 15:37:33 -0600
Processing by Devise::SessionsController#new as HTML
  Rendered devise/shared/_links.erb (0.7ms)
  Rendered devise/sessions/new.html.erb within layouts/application (3.5ms)
Completed 200 OK in 9ms (Views: 8.1ms | ActiveRecord: 0.0ms | Sphinx: 0.0ms)


Started GET "/assets/application.css?body=1" for 127.0.0.1 at 2014-03-06 15:37:34 -0600
Served asset /application.css - 304 Not Modified (0ms)


Started GET "/assets/application.js?body=1" for 127.0.0.1 at 2014-03-06 15:37:34 -0600
Served asset /application.js - 304 Not Modified (0ms)


Started GET "/assets/logo.png" for 127.0.0.1 at 2014-03-06 15:37:34 -0600
Served asset /logo.png - 304 Not Modified (0ms)


Started POST "/users/sign_in" for 127.0.0.1 at 2014-03-06 15:37:42 -0600
Processing by Devise::SessionsController#create as HTML
  Parameters: {"utf8"=>"✓", "authenticity_token"=>"qOYT6tyLTTgPwpmW/MmRDvyr8nd72ore0RXnpOJCpfk=", "user"=>{"email"=>"dustincfox@gmail.com", "password"=>"[FILTERED]", "remember_me"=>"0"}, "commit"=>"Sign in"}
  [1m[35mUser Load (0.5ms)[0m  SELECT "users".* FROM "users" WHERE "users"."email" = 'dustincfox@gmail.com' LIMIT 1
Completed 401 Unauthorized in 92ms
Processing by Devise::SessionsController#new as HTML
  Parameters: {"utf8"=>"✓", "authenticity_token"=>"qOYT6tyLTTgPwpmW/MmRDvyr8nd72ore0RXnpOJCpfk=", "user"=>{"email"=>"dustincfox@gmail.com", "password"=>"[FILTERED]", "remember_me"=>"0"}, "commit"=>"Sign in"}
  Rendered devise/shared/_links.erb (0.4ms)
  Rendered devise/sessions/new.html.erb within layouts/application (2.8ms)
Completed 200 OK in 88ms (Views: 7.2ms | ActiveRecord: 0.0ms | Sphinx: 0.0ms)


Started GET "/assets/application.css?body=1" for 127.0.0.1 at 2014-03-06 15:37:42 -0600
Served asset /application.css - 304 Not Modified (0ms)


Started GET "/assets/application.js?body=1" for 127.0.0.1 at 2014-03-06 15:37:42 -0600
Served asset /application.js - 304 Not Modified (0ms)


Started GET "/assets/logo.png" for 127.0.0.1 at 2014-03-06 15:37:42 -0600
Served asset /logo.png - 304 Not Modified (0ms)


Started POST "/users/sign_in" for 127.0.0.1 at 2014-03-06 15:37:46 -0600
Processing by Devise::SessionsController#create as HTML
  Parameters: {"utf8"=>"✓", "authenticity_token"=>"qOYT6tyLTTgPwpmW/MmRDvyr8nd72ore0RXnpOJCpfk=", "user"=>{"email"=>"dustincfox@gmail.com", "password"=>"[FILTERED]", "remember_me"=>"0"}, "commit"=>"Sign in"}
  [1m[36mUser Load (0.4ms)[0m  [1mSELECT "users".* FROM "users" WHERE "users"."email" = 'dustincfox@gmail.com' LIMIT 1[0m
  [1m[35m (0.1ms)[0m  BEGIN
  [1m[36m (0.4ms)[0m  [1mUPDATE "users" SET "current_sign_in_at" = '2014-03-06 21:37:46.975807', "sign_in_count" = 2, "updated_at" = '2014-03-06 21:37:46.976453' WHERE "users"."id" = 1[0m
  [1m[35m (0.4ms)[0m  COMMIT
Redirected to http://localhost:3000/
Completed 302 Found in 91ms (ActiveRecord: 0.0ms)


Started GET "/" for 127.0.0.1 at 2014-03-06 15:37:46 -0600
Processing by WelcomeController#index as HTML
  [1m[36mUser Load (0.3ms)[0m  [1mSELECT "users".* FROM "users" WHERE "users"."id" = 1 LIMIT 1[0m
  [1m[35mPost Load (0.4ms)[0m  SELECT "posts".* FROM "posts" INNER JOIN "commitments" ON "posts"."id" = "commitments"."commitment_id" WHERE "commitments"."committed_user_id" = 1
  [1m[36mPost Load (0.1ms)[0m  [1mSELECT "posts".* FROM "posts" [0m
  [1m[35mCACHE (0.0ms)[0m  SELECT "posts".* FROM "posts" 
  [1m[36mTag Load (0.2ms)[0m  [1mSELECT "tags".* FROM "tags" ORDER BY id DESC LIMIT 8[0m
  [1m[35mCACHE (0.0ms)[0m  SELECT "tags".* FROM "tags" ORDER BY id DESC LIMIT 8
  Rendered posts/_table.html.erb (0.0ms)
  Rendered posts/_table.html.erb (0.0ms)
  Rendered posts/_table.html.erb (0.0ms)
  Rendered welcome/index.html.erb within layouts/application (1.1ms)
Completed 200 OK in 8ms (Views: 4.7ms | ActiveRecord: 1.0ms | Sphinx: 0.0ms)


Started GET "/assets/application.css?body=1" for 127.0.0.1 at 2014-03-06 15:37:47 -0600
Served asset /application.css - 304 Not Modified (1ms)


Started GET "/assets/logo.png" for 127.0.0.1 at 2014-03-06 15:37:47 -0600
Served asset /logo.png - 304 Not Modified (0ms)


Started GET "/assets/application.js?body=1" for 127.0.0.1 at 2014-03-06 15:37:47 -0600
Served asset /application.js - 304 Not Modified (0ms)


Started GET "/users/sign_out" for 127.0.0.1 at 2014-03-06 15:37:49 -0600

ActionController::RoutingError (No route matches [GET] "/users/sign_out"):
  actionpack (3.2.6) lib/action_dispatch/middleware/debug_exceptions.rb:21:in `call'
  actionpack (3.2.6) lib/action_dispatch/middleware/show_exceptions.rb:56:in `call'
  railties (3.2.6) lib/rails/rack/logger.rb:26:in `call_app'
  railties (3.2.6) lib/rails/rack/logger.rb:16:in `call'
  actionpack (3.2.6) lib/action_dispatch/middleware/request_id.rb:22:in `call'
  rack (1.4.5) lib/rack/methodoverride.rb:21:in `call'
  rack (1.4.5) lib/rack/runtime.rb:17:in `call'
  activesupport (3.2.6) lib/active_support/cache/strategy/local_cache.rb:72:in `call'
  rack (1.4.5) lib/rack/lock.rb:15:in `call'
  actionpack (3.2.6) lib/action_dispatch/middleware/static.rb:62:in `call'
  railties (3.2.6) lib/rails/engine.rb:479:in `call'
  railties (3.2.6) lib/rails/application.rb:220:in `call'
  rack (1.4.5) lib/rack/content_length.rb:14:in `call'
  railties (3.2.6) lib/rails/rack/log_tailer.rb:17:in `call'
  thin (1.6.1) lib/thin/connection.rb:82:in `block in pre_process'
  thin (1.6.1) lib/thin/connection.rb:80:in `catch'
  thin (1.6.1) lib/thin/connection.rb:80:in `pre_process'
  thin (1.6.1) lib/thin/connection.rb:55:in `process'
  thin (1.6.1) lib/thin/connection.rb:41:in `receive_data'
  eventmachine (1.0.3) lib/eventmachine.rb:187:in `run_machine'
  eventmachine (1.0.3) lib/eventmachine.rb:187:in `run'
  thin (1.6.1) lib/thin/backends/base.rb:73:in `start'
  thin (1.6.1) lib/thin/server.rb:162:in `start'
  rack (1.4.5) lib/rack/handler/thin.rb:13:in `run'
  rack (1.4.5) lib/rack/server.rb:268:in `start'
  railties (3.2.6) lib/rails/commands/server.rb:70:in `start'
  railties (3.2.6) lib/rails/commands.rb:55:in `block in <top (required)>'
  railties (3.2.6) lib/rails/commands.rb:50:in `tap'
  railties (3.2.6) lib/rails/commands.rb:50:in `<top (required)>'
  script/rails:6:in `require'
  script/rails:6:in `<main>'


  Rendered /Users/dustincfox/.rbenv/versions/2.0.0-p353/lib/ruby/gems/2.0.0/gems/actionpack-3.2.6/lib/action_dispatch/middleware/templates/rescues/routing_error.erb within rescues/layout (0.9ms)
Connecting to database specified by database.yml


Started GET "/" for 127.0.0.1 at 2014-03-06 15:46:40 -0600
Processing by WelcomeController#index as HTML
  [1m[36mUser Load (0.8ms)[0m  [1mSELECT "users".* FROM "users" WHERE "users"."id" = 1 LIMIT 1[0m
  [1m[35mPost Load (0.6ms)[0m  SELECT "posts".* FROM "posts" INNER JOIN "commitments" ON "posts"."id" = "commitments"."commitment_id" WHERE "commitments"."committed_user_id" = 1
  [1m[36mPost Load (0.3ms)[0m  [1mSELECT "posts".* FROM "posts" [0m
  [1m[35mCACHE (0.0ms)[0m  SELECT "posts".* FROM "posts" 
  [1m[36mTag Load (0.2ms)[0m  [1mSELECT "tags".* FROM "tags" ORDER BY id DESC LIMIT 8[0m
  [1m[35mCACHE (0.0ms)[0m  SELECT "tags".* FROM "tags" ORDER BY id DESC LIMIT 8
  Rendered posts/_table.html.erb (0.0ms)
  Rendered posts/_table.html.erb (0.0ms)
  Rendered posts/_table.html.erb (0.0ms)
  Rendered welcome/index.html.erb within layouts/application (1.2ms)
Completed 200 OK in 13ms (Views: 6.8ms | ActiveRecord: 1.8ms | Sphinx: 0.0ms)


Started GET "/assets/application.css?body=1" for 127.0.0.1 at 2014-03-06 15:46:40 -0600
Served asset /application.css - 304 Not Modified (0ms)


Started GET "/assets/logo.png" for 127.0.0.1 at 2014-03-06 15:46:40 -0600
Served asset /logo.png - 304 Not Modified (0ms)


Started GET "/assets/application.js?body=1" for 127.0.0.1 at 2014-03-06 15:46:40 -0600
Served asset /application.js - 304 Not Modified (0ms)


Started GET "/users/sign_out" for 127.0.0.1 at 2014-03-06 15:46:42 -0600

ActionController::RoutingError (No route matches [GET] "/users/sign_out"):
  actionpack (3.2.6) lib/action_dispatch/middleware/debug_exceptions.rb:21:in `call'
  actionpack (3.2.6) lib/action_dispatch/middleware/show_exceptions.rb:56:in `call'
  railties (3.2.6) lib/rails/rack/logger.rb:26:in `call_app'
  railties (3.2.6) lib/rails/rack/logger.rb:16:in `call'
  actionpack (3.2.6) lib/action_dispatch/middleware/request_id.rb:22:in `call'
  rack (1.4.5) lib/rack/methodoverride.rb:21:in `call'
  rack (1.4.5) lib/rack/runtime.rb:17:in `call'
  activesupport (3.2.6) lib/active_support/cache/strategy/local_cache.rb:72:in `call'
  rack (1.4.5) lib/rack/lock.rb:15:in `call'
  actionpack (3.2.6) lib/action_dispatch/middleware/static.rb:62:in `call'
  railties (3.2.6) lib/rails/engine.rb:479:in `call'
  railties (3.2.6) lib/rails/application.rb:220:in `call'
  rack (1.4.5) lib/rack/content_length.rb:14:in `call'
  railties (3.2.6) lib/rails/rack/log_tailer.rb:17:in `call'
  thin (1.6.1) lib/thin/connection.rb:82:in `block in pre_process'
  thin (1.6.1) lib/thin/connection.rb:80:in `catch'
  thin (1.6.1) lib/thin/connection.rb:80:in `pre_process'
  thin (1.6.1) lib/thin/connection.rb:55:in `process'
  thin (1.6.1) lib/thin/connection.rb:41:in `receive_data'
  eventmachine (1.0.3) lib/eventmachine.rb:187:in `run_machine'
  eventmachine (1.0.3) lib/eventmachine.rb:187:in `run'
  thin (1.6.1) lib/thin/backends/base.rb:73:in `start'
  thin (1.6.1) lib/thin/server.rb:162:in `start'
  rack (1.4.5) lib/rack/handler/thin.rb:13:in `run'
  rack (1.4.5) lib/rack/server.rb:268:in `start'
  railties (3.2.6) lib/rails/commands/server.rb:70:in `start'
  railties (3.2.6) lib/rails/commands.rb:55:in `block in <top (required)>'
  railties (3.2.6) lib/rails/commands.rb:50:in `tap'
  railties (3.2.6) lib/rails/commands.rb:50:in `<top (required)>'
  script/rails:6:in `require'
  script/rails:6:in `<main>'


  Rendered /Users/dustincfox/.rbenv/versions/2.0.0-p353/lib/ruby/gems/2.0.0/gems/actionpack-3.2.6/lib/action_dispatch/middleware/templates/rescues/routing_error.erb within rescues/layout (0.6ms)


Started GET "/" for 127.0.0.1 at 2014-03-06 15:46:59 -0600
Processing by WelcomeController#index as HTML
  [1m[36mUser Load (0.4ms)[0m  [1mSELECT "users".* FROM "users" WHERE "users"."id" = 1 LIMIT 1[0m
  [1m[35mPost Load (0.3ms)[0m  SELECT "posts".* FROM "posts" INNER JOIN "commitments" ON "posts"."id" = "commitments"."commitment_id" WHERE "commitments"."committed_user_id" = 1
  [1m[36mPost Load (0.2ms)[0m  [1mSELECT "posts".* FROM "posts" [0m
  [1m[35mCACHE (0.0ms)[0m  SELECT "posts".* FROM "posts" 
  [1m[36mTag Load (0.4ms)[0m  [1mSELECT "tags".* FROM "tags" ORDER BY id DESC LIMIT 8[0m
  [1m[35mCACHE (0.0ms)[0m  SELECT "tags".* FROM "tags" ORDER BY id DESC LIMIT 8
  Rendered posts/_table.html.erb (0.0ms)
  Rendered posts/_table.html.erb (0.0ms)
  Rendered posts/_table.html.erb (0.0ms)
  Rendered welcome/index.html.erb within layouts/application (1.4ms)
Completed 200 OK in 58ms (Views: 52.5ms | ActiveRecord: 1.4ms | Sphinx: 0.0ms)


Started GET "/assets/application.css?body=1" for 127.0.0.1 at 2014-03-06 15:46:59 -0600
Served asset /application.css - 304 Not Modified (0ms)


Started GET "/assets/logo.png" for 127.0.0.1 at 2014-03-06 15:46:59 -0600
Served asset /logo.png - 304 Not Modified (0ms)


Started GET "/assets/application.js?body=1" for 127.0.0.1 at 2014-03-06 15:46:59 -0600
Served asset /application.js - 304 Not Modified (0ms)


Started GET "/users/sign_out?method=delete" for 127.0.0.1 at 2014-03-06 15:47:01 -0600

ActionController::RoutingError (No route matches [GET] "/users/sign_out"):
  actionpack (3.2.6) lib/action_dispatch/middleware/debug_exceptions.rb:21:in `call'
  actionpack (3.2.6) lib/action_dispatch/middleware/show_exceptions.rb:56:in `call'
  railties (3.2.6) lib/rails/rack/logger.rb:26:in `call_app'
  railties (3.2.6) lib/rails/rack/logger.rb:16:in `call'
  actionpack (3.2.6) lib/action_dispatch/middleware/request_id.rb:22:in `call'
  rack (1.4.5) lib/rack/methodoverride.rb:21:in `call'
  rack (1.4.5) lib/rack/runtime.rb:17:in `call'
  activesupport (3.2.6) lib/active_support/cache/strategy/local_cache.rb:72:in `call'
  rack (1.4.5) lib/rack/lock.rb:15:in `call'
  actionpack (3.2.6) lib/action_dispatch/middleware/static.rb:62:in `call'
  railties (3.2.6) lib/rails/engine.rb:479:in `call'
  railties (3.2.6) lib/rails/application.rb:220:in `call'
  rack (1.4.5) lib/rack/content_length.rb:14:in `call'
  railties (3.2.6) lib/rails/rack/log_tailer.rb:17:in `call'
  thin (1.6.1) lib/thin/connection.rb:82:in `block in pre_process'
  thin (1.6.1) lib/thin/connection.rb:80:in `catch'
  thin (1.6.1) lib/thin/connection.rb:80:in `pre_process'
  thin (1.6.1) lib/thin/connection.rb:55:in `process'
  thin (1.6.1) lib/thin/connection.rb:41:in `receive_data'
  eventmachine (1.0.3) lib/eventmachine.rb:187:in `run_machine'
  eventmachine (1.0.3) lib/eventmachine.rb:187:in `run'
  thin (1.6.1) lib/thin/backends/base.rb:73:in `start'
  thin (1.6.1) lib/thin/server.rb:162:in `start'
  rack (1.4.5) lib/rack/handler/thin.rb:13:in `run'
  rack (1.4.5) lib/rack/server.rb:268:in `start'
  railties (3.2.6) lib/rails/commands/server.rb:70:in `start'
  railties (3.2.6) lib/rails/commands.rb:55:in `block in <top (required)>'
  railties (3.2.6) lib/rails/commands.rb:50:in `tap'
  railties (3.2.6) lib/rails/commands.rb:50:in `<top (required)>'
  script/rails:6:in `require'
  script/rails:6:in `<main>'


  Rendered /Users/dustincfox/.rbenv/versions/2.0.0-p353/lib/ruby/gems/2.0.0/gems/actionpack-3.2.6/lib/action_dispatch/middleware/templates/rescues/routing_error.erb within rescues/layout (0.5ms)
